2020/11/22 11:20:24 [main] INFO  com.xiannvzuo.guijing.GuijingApplication- Starting GuijingApplication using Java 1.8.0_131 on DESKTOP-96PC0IF with PID 10812 (G:\SpringBootProject\guijing\guijing\target\classes started by lenovo in G:\SpringBootProject\guijing)
2020/11/22 11:20:24 [main] INFO  com.xiannvzuo.guijing.GuijingApplication- No active profile set, falling back to default profiles: default
2020/11/22 11:20:27 [main] INFO  org.springframework.boot.web.embedded.tomcat.TomcatWebServer- Tomcat initialized with port(s): 8080 (http)
2020/11/22 11:20:27 [main] INFO  org.apache.catalina.core.StandardService- Starting service [Tomcat]
2020/11/22 11:20:27 [main] INFO  org.apache.catalina.core.StandardEngine- Starting Servlet engine: [Apache Tomcat/9.0.39]
2020/11/22 11:20:27 [main] INFO  org.apache.catalina.core.ContainerBase.[Tomcat].[localhost].[/]- Initializing Spring embedded WebApplicationContext
2020/11/22 11:20:27 [main] INFO  org.springframework.boot.web.servlet.context.ServletWebServerApplicationContext- Root WebApplicationContext: initialization completed in 3020 ms
2020/11/22 11:20:28 [main] INFO  org.springframework.scheduling.concurrent.ThreadPoolTaskExecutor- Initializing ExecutorService 'applicationTaskExecutor'
2020/11/22 11:20:28 [main] INFO  org.springframework.boot.web.embedded.tomcat.TomcatWebServer- Tomcat started on port(s): 8080 (http) with context path ''
2020/11/22 11:20:28 [main] INFO  com.xiannvzuo.guijing.GuijingApplication- Started GuijingApplication in 5.19 seconds (JVM running for 7.399)
2020/11/22 11:21:05 [main] INFO  com.xiannvzuo.guijing.GuijingApplication- Starting GuijingApplication using Java 1.8.0_131 on DESKTOP-96PC0IF with PID 5192 (G:\SpringBootProject\guijing\guijing\target\classes started by lenovo in G:\SpringBootProject\guijing)
2020/11/22 11:21:05 [main] INFO  com.xiannvzuo.guijing.GuijingApplication- No active profile set, falling back to default profiles: default
2020/11/22 11:21:08 [main] INFO  org.springframework.boot.web.embedded.tomcat.TomcatWebServer- Tomcat initialized with port(s): 8080 (http)
2020/11/22 11:21:08 [main] INFO  org.apache.catalina.core.StandardService- Starting service [Tomcat]
2020/11/22 11:21:08 [main] INFO  org.apache.catalina.core.StandardEngine- Starting Servlet engine: [Apache Tomcat/9.0.39]
2020/11/22 11:21:08 [main] INFO  org.apache.catalina.core.ContainerBase.[Tomcat].[localhost].[/]- Initializing Spring embedded WebApplicationContext
2020/11/22 11:21:08 [main] INFO  org.springframework.boot.web.servlet.context.ServletWebServerApplicationContext- Root WebApplicationContext: initialization completed in 2421 ms
2020/11/22 11:21:08 [main] INFO  org.springframework.scheduling.concurrent.ThreadPoolTaskExecutor- Initializing ExecutorService 'applicationTaskExecutor'
2020/11/22 11:21:09 [main] INFO  org.springframework.boot.web.embedded.tomcat.TomcatWebServer- Tomcat started on port(s): 8080 (http) with context path ''
2020/11/22 11:21:09 [main] INFO  com.xiannvzuo.guijing.GuijingApplication- Started GuijingApplication in 4.204 seconds (JVM running for 5.988)
